app/build/outputs/logs/manifest-merger-debug-report.txt
-- Merging decision tree log ---
manifest
ADDED from AndroidManifest.xml:2:1
	package
		ADDED from AndroidManifest.xml:3:7
		INJECTED from AndroidManifest.xml:0:0
		INJECTED from AndroidManifest.xml:0:0
	android:versionName
		ADDED from AndroidManifest.xml:5:7
	android:versionCode
		ADDED from AndroidManifest.xml:4:7
		INJECTED from AndroidManifest.xml:0:0
		INJECTED from AndroidManifest.xml:0:0
	xmlns:android
		ADDED from AndroidManifest.xml:2:11
uses-permission#android.permission.ACCESS_NETWORK_STATE
ADDED from AndroidManifest.xml:6:4
	android:name
		ADDED from AndroidManifest.xml:6:21
uses-permission#android.permission.INTERNET
ADDED from AndroidManifest.xml:7:4
	android:name
		ADDED from AndroidManifest.xml:7:21
uses-permission#android.permission.INTERACT_ACROSS_USERS_FULL
ADDED from AndroidManifest.xml:8:2
	android:name
		ADDED from AndroidManifest.xml:8:19
application
ADDED from AndroidManifest.xml:9:2
	android:label
		ADDED from AndroidManifest.xml:9:45
	android:icon
		ADDED from AndroidManifest.xml:9:15
activity#hypertext2014.com.iConference2012
ADDED from AndroidManifest.xml:10:3
	android:label
		ADDED from AndroidManifest.xml:10:62
	android:name
		ADDED from AndroidManifest.xml:10:13
intent-filter#android.intent.action.MAIN+android.intent.category.LAUNCHER
ADDED from AndroidManifest.xml:11:4
action#android.intent.action.MAIN
ADDED from AndroidManifest.xml:12:5
	android:name
		ADDED from AndroidManifest.xml:12:13
category#android.intent.category.LAUNCHER
ADDED from AndroidManifest.xml:13:5
	android:name
		ADDED from AndroidManifest.xml:13:15
activity#hypertext2014.com.UpdateOption
ADDED from AndroidManifest.xml:16:3
	android:name
		ADDED from AndroidManifest.xml:16:13
activity#hypertext2014.com.MainInterface
ADDED from AndroidManifest.xml:17:3
	android:name
		ADDED from AndroidManifest.xml:17:13
activity#hypertext2014.com.ConferenceInfo
ADDED from AndroidManifest.xml:18:3
	android:name
		ADDED from AndroidManifest.xml:18:13
activity#hypertext2014.com.KeyNote
ADDED from AndroidManifest.xml:19:3
	android:name
		ADDED from AndroidManifest.xml:19:13
activity#hypertext2014.com.KeynoteDetail
ADDED from AndroidManifest.xml:20:3
	android:name
		ADDED from AndroidManifest.xml:20:13
activity#hypertext2014.com.ProgramByDay
ADDED from AndroidManifest.xml:21:3
	android:name
		ADDED from AndroidManifest.xml:21:13
activity#hypertext2014.com.PaperInSession
ADDED from AndroidManifest.xml:22:3
	android:name
		ADDED from AndroidManifest.xml:22:13
activity#hypertext2014.com.UserDetail
ADDED from AndroidManifest.xml:23:3
	android:name
		ADDED from AndroidManifest.xml:23:13
activity#hypertext2014.com.PaperInfo
ADDED from AndroidManifest.xml:24:3
	android:name
		ADDED from AndroidManifest.xml:24:13
activity#hypertext2014.com.PaperAttending
ADDED from AndroidManifest.xml:25:3
	android:name
		ADDED from AndroidManifest.xml:25:13
activity#hypertext2014.com.PaperSimilar
ADDED from AndroidManifest.xml:26:3
	android:name
		ADDED from AndroidManifest.xml:26:13
activity#hypertext2014.com.PaperDetail
ADDED from AndroidManifest.xml:27:3
	android:name
		ADDED from AndroidManifest.xml:27:13
activity#hypertext2014.com.MyScheduledPapers
ADDED from AndroidManifest.xml:28:3
	android:name
		ADDED from AndroidManifest.xml:28:13
activity#hypertext2014.com.MyStaredPapers
ADDED from AndroidManifest.xml:29:3
	android:name
		ADDED from AndroidManifest.xml:29:13
activity#hypertext2014.com.MyRecommendedPapers
ADDED from AndroidManifest.xml:30:3
	android:name
		ADDED from AndroidManifest.xml:30:13
activity#hypertext2014.com.Signin
ADDED from AndroidManifest.xml:31:3
	android:name
		ADDED from AndroidManifest.xml:31:13
activity#hypertext2014.com.Signup
ADDED from AndroidManifest.xml:32:3
	android:name
		ADDED from AndroidManifest.xml:32:13
activity#hypertext2014.com.Workshops
ADDED from AndroidManifest.xml:33:3
	android:name
		ADDED from AndroidManifest.xml:33:13
activity#hypertext2014.com.WorkshopDetail
ADDED from AndroidManifest.xml:34:3
	android:name
		ADDED from AndroidManifest.xml:34:13
activity#hypertext2014.com.Posters
ADDED from AndroidManifest.xml:35:3
	android:name
		ADDED from AndroidManifest.xml:35:13
activity#hypertext2014.com.PosterDetail
ADDED from AndroidManifest.xml:36:3
	android:name
		ADDED from AndroidManifest.xml:36:13
activity#hypertext2014.com.ProceedingsByAuthor
ADDED from AndroidManifest.xml:37:3
	android:name
		ADDED from AndroidManifest.xml:37:13
activity#hypertext2014.com.ProceedingsByName
ADDED from AndroidManifest.xml:38:3
	android:name
		ADDED from AndroidManifest.xml:38:13
activity#hypertext2014.com.ProceedingsByType
ADDED from AndroidManifest.xml:39:3
	android:name
		ADDED from AndroidManifest.xml:39:13
activity#hypertext2014.com.Proceedings
ADDED from AndroidManifest.xml:40:3
	android:name
		ADDED from AndroidManifest.xml:40:13
uses-sdk
ADDED from AndroidManifest.xml:42:2
	android:targetSdkVersion
		INJECTED from AndroidManifest.xml:0:0
		INJECTED from AndroidManifest.xml:0:0
	android:minSdkVersion
		ADDED from AndroidManifest.xml:42:12
		INJECTED from AndroidManifest.xml:0:0
		INJECTED from AndroidManifest.xml:0:0